d:\课题专用\vs project\derivedfromcbc2.9.4\x64\release\vc142.pdb
d:\课题专用\vs project\derivedfromcbc2.9.4\x64\release\old.obj
d:\课题专用\vs project\derivedfromcbc2.9.4\x64\release\main2.obj
d:\课题专用\vs project\derivedfromcbc2.9.4\x64\release\main1.obj
d:\课题专用\vs project\derivedfromcbc2.9.4\x64\release\main3.obj
d:\课题专用\gitcloneproject\scuc_mas\scuc\msvisualstudio\example\derivedfromcbc2.9.4\x64\release\vc142.pdb
d:\课题专用\gitcloneproject\scuc_mas\scuc\msvisualstudio\example\derivedfromcbc2.9.4\x64\release\main2.obj
d:\课题专用\vs project\derivedfromcbc2.9.4\x64\release\derivedfromcbc2.9.4.ipdb
d:\课题专用\vs project\derivedfromcbc2.9.4\x64\release\derivedfromcbc2.9.4.iobj
d:\课题专用\gitcloneproject\scuc_mas\scuc\msvisualstudio\example\derivedfromcbc2.9.4\x64\release\derivedfromcbc2.9.4.ipdb
d:\课题专用\gitcloneproject\scuc_mas\scuc\msvisualstudio\example\derivedfromcbc2.9.4\x64\release\derivedfromcbc2.9.4.iobj
d:\课题专用\vs project\derivedfromcbc2.9.4\x64\release\derivedfromcbc2.9.4.exe
d:\课题专用\vs project\derivedfromcbc2.9.4\x64\release\derivedfromcbc2.9.4.pdb
d:\课题专用\gitcloneproject\scuc_mas\scuc\msvisualstudio\example\derivedfromcbc2.9.4\x64\release\derivedfromcbc2.9.4.exe
d:\课题专用\gitcloneproject\scuc_mas\scuc\msvisualstudio\example\derivedfromcbc2.9.4\x64\release\derivedfromcbc2.9.4.pdb
d:\课题专用\gitcloneproject\scuc_mas\scuc\msvisualstudio\example\derivedfromcbc2.9.4\x64\release\main1.obj
d:\课题专用\gitcloneproject\scuc_mas\scuc\msvisualstudio\example\derivedfromcbc2.9.4\x64\release\main3.obj
d:\课题专用\gitcloneproject\scuc_mas\scuc\msvisualstudio\example\derivedfromcbc2.9.4\x64\release\old.obj
d:\课题专用\gitcloneproject\scuc_mas\scuc\msvisualstudio\example\derivedfromcbc2.9.4\x64\release\derivedf.aa44ca17.tlog\cl.command.1.tlog
d:\课题专用\gitcloneproject\scuc_mas\scuc\msvisualstudio\example\derivedfromcbc2.9.4\x64\release\derivedf.aa44ca17.tlog\cl.read.1.tlog
d:\课题专用\gitcloneproject\scuc_mas\scuc\msvisualstudio\example\derivedfromcbc2.9.4\x64\release\derivedf.aa44ca17.tlog\cl.write.1.tlog
d:\课题专用\gitcloneproject\scuc_mas\scuc\msvisualstudio\example\derivedfromcbc2.9.4\x64\release\derivedf.aa44ca17.tlog\derivedfromcbc2.9.4.write.1u.tlog
d:\课题专用\gitcloneproject\scuc_mas\scuc\msvisualstudio\example\derivedfromcbc2.9.4\x64\release\derivedf.aa44ca17.tlog\link.command.1.tlog
d:\课题专用\gitcloneproject\scuc_mas\scuc\msvisualstudio\example\derivedfromcbc2.9.4\x64\release\derivedf.aa44ca17.tlog\link.read.1.tlog
d:\课题专用\gitcloneproject\scuc_mas\scuc\msvisualstudio\example\derivedfromcbc2.9.4\x64\release\derivedf.aa44ca17.tlog\link.write.1.tlog
